<?xml version="1.0" encoding="UTF-8"?>
<!-- Generated by org.testng.reporters.JUnitReportReporter -->
<testsuite hostname="LTIN291347" failures="0" tests="2" name="com.zigweels.UsedCars.UsedCarTest" time="29.452" errors="0" timestamp="2022-03-28T20:54:25 IST" skipped="0">
  <testcase classname="com.zigweels.UsedCars.UsedCarTest" name="extractUsedCarsModel2" time="10.608"/>
  <system-out/>
  <testcase classname="com.zigweels.UsedCars.UsedCarTest" name="extractUsedCarsModel1" time="18.844"/>
  <system-out/>
</testsuite> <!-- com.zigweels.UsedCars.UsedCarTest -->
