<?xml version="1.0" encoding="UTF-8"?>
<!-- Generated by org.testng.reporters.JUnitReportReporter -->
<testsuite hostname="LTIN291347" failures="0" tests="3" name="com.zigwheels.testlogin.LoginTest" time="41.983" errors="0" timestamp="2022-03-15T15:40:53 IST" skipped="0">
  <testcase classname="com.zigwheels.testlogin.LoginTest" name="testOne" time="14.555"/>
  <system-out/>
  <testcase classname="com.zigwheels.testlogin.LoginTest" name="testTwo" time="13.264"/>
  <system-out/>
  <testcase classname="com.zigwheels.testlogin.LoginTest" name="testThree" time="14.164"/>
  <system-out/>
</testsuite> <!-- com.zigwheels.testlogin.LoginTest -->
