<?xml version="1.0" encoding="UTF-8"?>
<!-- Generated by org.testng.reporters.JUnitReportReporter -->
<testsuite hostname="LTIN149794" failures="0" tests="2" name="coms.selenium.hackathon.TestCases" time="39.056" errors="0" timestamp="2022-03-09T09:21:54 IST" skipped="0">
  <testcase classname="coms.selenium.hackathon.TestCases" name="testOne" time="23.904"/>
  <system-out/>
  <testcase classname="coms.selenium.hackathon.TestCases" name="testTwo" time="15.152"/>
  <system-out/>
</testsuite> <!-- coms.selenium.hackathon.TestCases -->
