<?xml version="1.0" encoding="UTF-8"?>
<!-- Generated by org.testng.reporters.JUnitReportReporter -->
<testsuite hostname="LTIN291347" failures="0" tests="1" name="coms.selenium.hackathon.TestCases" time="14.083" errors="0" timestamp="2022-03-05T23:58:10 IST" skipped="0">
  <testcase classname="coms.selenium.hackathon.TestCases" name="testOne" time="14.083"/>
  <system-out/>
</testsuite> <!-- coms.selenium.hackathon.TestCases -->
