<?xml version="1.0" encoding="UTF-8"?>
<!-- Generated by org.testng.reporters.JUnitReportReporter -->
<testsuite hostname="LTIN291347" failures="0" tests="3" name="com.zigweels.testupcommingbikes.NewBikesTest" time="124.860" errors="0" timestamp="2022-03-15T15:40:53 IST" skipped="0">
  <testcase classname="com.zigweels.testupcommingbikes.NewBikesTest" name="Test1" time="32.403"/>
  <system-out/>
  <testcase classname="com.zigweels.testupcommingbikes.NewBikesTest" name="Test2" time="38.582"/>
  <system-out/>
  <testcase classname="com.zigweels.testupcommingbikes.NewBikesTest" name="Test3" time="53.875"/>
  <system-out/>
</testsuite> <!-- com.zigweels.testupcommingbikes.NewBikesTest -->
