<?xml version="1.0" encoding="UTF-8"?>
<!-- Generated by org.testng.reporters.JUnitReportReporter -->
<testsuite hostname="LTIN291347" failures="0" tests="1" name="coms.selenium.hackathon.TestCases" time="9.216" errors="0" timestamp="2022-03-06T14:48:25 IST" skipped="0">
  <testcase classname="coms.selenium.hackathon.TestCases" name="testOne" time="9.216"/>
  <system-out/>
</testsuite> <!-- coms.selenium.hackathon.TestCases -->
