<?xml version="1.0" encoding="UTF-8"?>
<!-- Generated by org.testng.reporters.JUnitReportReporter -->
<testsuite hostname="LTIN291347" failures="0" tests="1" name="Open$HandleAlerts" time="9.623" errors="0" timestamp="2022-03-22T09:38:24 IST" skipped="0">
  <testcase classname="Open$HandleAlerts" name="OpenBrowser" time="9.623"/>
  <system-out/>
</testsuite> <!-- Open$HandleAlerts -->
