<?xml version="1.0" encoding="UTF-8"?>
<!-- Generated by org.testng.reporters.JUnitReportReporter -->
<testsuite hostname="LTIN291347" failures="0" tests="3" name="com.zigwheels.testlogin.LoginTest" time="56.615" errors="0" timestamp="2022-03-14T22:05:10 IST" skipped="0">
  <testcase classname="com.zigwheels.testlogin.LoginTest" name="testOne" time="18.443"/>
  <system-out/>
  <testcase classname="com.zigwheels.testlogin.LoginTest" name="testTwo" time="16.289"/>
  <system-out/>
  <testcase classname="com.zigwheels.testlogin.LoginTest" name="testThree" time="21.883"/>
  <system-out/>
</testsuite> <!-- com.zigwheels.testlogin.LoginTest -->
