<?xml version="1.0" encoding="UTF-8"?>
<!-- Generated by org.testng.reporters.JUnitReportReporter -->
<testsuite hostname="LTIN291347" failures="0" tests="3" name="com.zigweels.testupcommingbikes.NewBikesTest" time="127.969" errors="0" timestamp="2022-03-14T22:05:10 IST" skipped="0">
  <testcase classname="com.zigweels.testupcommingbikes.NewBikesTest" name="Test1" time="37.512"/>
  <system-out/>
  <testcase classname="com.zigweels.testupcommingbikes.NewBikesTest" name="Test2" time="38.894"/>
  <system-out/>
  <testcase classname="com.zigweels.testupcommingbikes.NewBikesTest" name="Test3" time="51.563"/>
  <system-out/>
</testsuite> <!-- com.zigweels.testupcommingbikes.NewBikesTest -->
