<?xml version="1.0" encoding="UTF-8"?>
<!-- Generated by org.testng.reporters.JUnitReportReporter -->
<testsuite hostname="LTIN291347" failures="0" tests="1" name="com.zigweels.UsedCars.UsedCarTest" time="11.249" errors="0" timestamp="2022-03-12T11:46:45 IST" skipped="0">
  <testcase classname="com.zigweels.UsedCars.UsedCarTest" name="extractUsedCarsModel1" time="11.249"/>
  <system-out/>
</testsuite> <!-- com.zigweels.UsedCars.UsedCarTest -->
