<?xml version="1.0" encoding="UTF-8"?>
<!-- Generated by org.testng.reporters.JUnitReportReporter -->
<testsuite hostname="LTIN291347" failures="0" tests="3" name="com.zigweels.testupcommingbikes.NewBikesTest" time="120.818" errors="0" timestamp="2022-03-15T22:52:54 IST" skipped="0">
  <testcase classname="com.zigweels.testupcommingbikes.NewBikesTest" name="Test1" time="32.155"/>
  <system-out/>
  <testcase classname="com.zigweels.testupcommingbikes.NewBikesTest" name="Test2" time="40.565"/>
  <system-out/>
  <testcase classname="com.zigweels.testupcommingbikes.NewBikesTest" name="Test3" time="48.098"/>
  <system-out/>
</testsuite> <!-- com.zigweels.testupcommingbikes.NewBikesTest -->
