<?xml version="1.0" encoding="UTF-8"?>
<!-- Generated by org.testng.reporters.JUnitReportReporter -->
<testsuite hostname="LTIN344735" failures="0" tests="1" name="coms.selenium.hackathon.TestCases" time="40.548" errors="0" timestamp="2022-03-09T23:16:30 IST" skipped="0">
  <testcase classname="coms.selenium.hackathon.TestCases" name="testOne" time="40.548"/>
  <system-out/>
</testsuite> <!-- coms.selenium.hackathon.TestCases -->
