<?xml version="1.0" encoding="UTF-8"?>
<!-- Generated by org.testng.reporters.JUnitReportReporter -->
<testsuite hostname="LTIN291347" failures="0" tests="1" name="com.zigweels.UsedCars.UsedCarTest" time="12.190" errors="0" timestamp="2022-03-14T22:05:11 IST" skipped="0">
  <testcase classname="com.zigweels.UsedCars.UsedCarTest" name="extractUsedCarsModel1" time="12.190"/>
  <system-out/>
</testsuite> <!-- com.zigweels.UsedCars.UsedCarTest -->
