<?xml version="1.0" encoding="UTF-8"?>
<!-- Generated by org.testng.reporters.JUnitReportReporter -->
<testsuite hostname="LTIN291347" failures="0" tests="1" name="Opne" time="8.619" errors="0" timestamp="2022-03-17T11:43:33 IST" skipped="0">
  <testcase classname="Opne" name="OpenBrowser" time="8.619"/>
  <system-out/>
</testsuite> <!-- Opne -->
