<?xml version="1.0" encoding="UTF-8"?>
<!-- Generated by org.testng.reporters.JUnitReportReporter -->
<testsuite hostname="LTIN291347" failures="0" tests="3" name="com.zigwheels.testlogin.LoginTest" time="52.859" errors="0" timestamp="2022-03-12T11:08:04 IST" skipped="0">
  <testcase classname="com.zigwheels.testlogin.LoginTest" name="testOne" time="15.417"/>
  <system-out/>
  <testcase classname="com.zigwheels.testlogin.LoginTest" name="testTwo" time="13.762"/>
  <system-out/>
  <testcase classname="com.zigwheels.testlogin.LoginTest" name="testThree" time="23.680"/>
  <system-out/>
</testsuite> <!-- com.zigwheels.testlogin.LoginTest -->
