<?xml version="1.0" encoding="UTF-8"?>
<!-- Generated by org.testng.reporters.JUnitReportReporter -->
<testsuite hostname="LTIN291347" failures="0" tests="3" name="com.zigwheels.testlogin.LoginTest" time="53.222" errors="0" timestamp="2022-03-14T08:57:28 IST" skipped="0">
  <testcase classname="com.zigwheels.testlogin.LoginTest" name="testOne" time="17.302"/>
  <system-out/>
  <testcase classname="com.zigwheels.testlogin.LoginTest" name="testTwo" time="12.130"/>
  <system-out/>
  <testcase classname="com.zigwheels.testlogin.LoginTest" name="testThree" time="23.790"/>
  <system-out/>
</testsuite> <!-- com.zigwheels.testlogin.LoginTest -->
