<?xml version="1.0" encoding="UTF-8"?>
<!-- Generated by org.testng.reporters.JUnitReportReporter -->
<testsuite hostname="LTIN291347" failures="0" tests="2" name="com.zigweels.UsedCars.UsedCarTest" time="13.531" errors="0" timestamp="2022-03-16T12:25:04 IST" skipped="0">
  <testcase classname="com.zigweels.UsedCars.UsedCarTest" name="extractUsedCarsModel2" time="7.710"/>
  <system-out/>
  <testcase classname="com.zigweels.UsedCars.UsedCarTest" name="extractUsedCarsModel1" time="5.821"/>
  <system-out/>
</testsuite> <!-- com.zigweels.UsedCars.UsedCarTest -->
